<?xml version="1.0" encoding="UTF-8"?>
<!-- Generated by org.testng.reporters.JUnitReportReporter -->
<testsuite hostname="DESKTOP-1H1R9GO" failures="0" tests="1" name="com.rmgYantra.parameters.RequestChaining" time="14.153" errors="0" timestamp="2022-11-22T15:49:15 IST" skipped="0">
  <testcase classname="com.rmgYantra.parameters.RequestChaining" name="requestChaining" time="14.153"/>
  <system-out/>
</testsuite> <!-- com.rmgYantra.parameters.RequestChaining -->
