<?xml version="1.0" encoding="UTF-8"?>
<!-- Generated by org.testng.reporters.JUnitReportReporter -->
<testsuite hostname="DESKTOP-1H1R9GO" failures="0" tests="1" name="com.rmgyantraCRUDOperationWithOutBDD.UpdateProjectTest" time="19.486" errors="0" timestamp="2022-11-21T16:39:29 IST" skipped="0">
  <testcase classname="com.rmgyantraCRUDOperationWithOutBDD.UpdateProjectTest" name="updateproject" time="19.486"/>
  <system-out/>
</testsuite> <!-- com.rmgyantraCRUDOperationWithOutBDD.UpdateProjectTest -->
