<?xml version="1.0" encoding="UTF-8"?>
<!-- Generated by org.testng.reporters.JUnitReportReporter -->
<testsuite hostname="DESKTOP-1H1R9GO" failures="0" tests="1" name="comrmgyantraCRUDOperationWithOutBDD.UpdateProjecTest" time="10.552" errors="0" timestamp="2022-11-21T15:49:57 IST" skipped="0">
  <testcase classname="comrmgyantraCRUDOperationWithOutBDD.UpdateProjecTest" name="updateProject" time="10.552"/>
  <system-out/>
</testsuite> <!-- comrmgyantraCRUDOperationWithOutBDD.UpdateProjecTest -->
