<?xml version="1.0" encoding="UTF-8"?>
<!-- Generated by org.testng.reporters.JUnitReportReporter -->
<testsuite hostname="DESKTOP-1H1R9GO" failures="0" tests="1" name="com.rmgyantraDifferentWaysToPost.CreatProjectUsingHashMap" time="17.836" errors="0" timestamp="2022-11-21T17:19:43 IST" skipped="0">
  <testcase classname="com.rmgyantraDifferentWaysToPost.CreatProjectUsingHashMap" name="creatProjectUsingHashMap" time="17.836"/>
  <system-out/>
</testsuite> <!-- com.rmgyantraDifferentWaysToPost.CreatProjectUsingHashMap -->
