<?xml version="1.0" encoding="UTF-8"?>
<!-- Generated by org.testng.reporters.JUnitReportReporter -->
<testsuite hostname="DESKTOP-1H1R9GO" failures="0" tests="1" name="comrmgyantraCRUDOperationWithOutBDD.GettingProjectTest" time="3.198" errors="0" timestamp="2022-11-29T12:05:08 IST" skipped="0">
  <testcase classname="comrmgyantraCRUDOperationWithOutBDD.GettingProjectTest" name="getProject" time="3.198"/>
  <system-out/>
</testsuite> <!-- comrmgyantraCRUDOperationWithOutBDD.GettingProjectTest -->
