<?xml version="1.0" encoding="UTF-8"?>
<!-- Generated by org.testng.reporters.JUnitReportReporter -->
<testsuite hostname="DESKTOP-1H1R9GO" failures="0" tests="1" name="com.rmgYantra.parameters.PathParameterTest" time="3.557" errors="0" timestamp="2022-11-22T13:15:00 IST" skipped="0">
  <testcase classname="com.rmgYantra.parameters.PathParameterTest" name="pathParameter" time="3.557"/>
  <system-out/>
</testsuite> <!-- com.rmgYantra.parameters.PathParameterTest -->
