<?xml version="1.0" encoding="UTF-8"?>
<!-- Generated by org.testng.reporters.JUnitReportReporter -->
<testsuite hostname="DESKTOP-1H1R9GO" failures="0" tests="1" name="com.rmgYantra_Authentication.BarerToken" time="7.089" errors="0" timestamp="2022-11-23T11:33:30 IST" skipped="0">
  <testcase classname="com.rmgYantra_Authentication.BarerToken" name="barerToken" time="7.089"/>
  <system-out/>
</testsuite> <!-- com.rmgYantra_Authentication.BarerToken -->
