<?xml version="1.0" encoding="UTF-8"?>
<!-- Generated by org.testng.reporters.JUnitReportReporter -->
<testsuite hostname="DESKTOP-1H1R9GO" failures="0" tests="1" name="com.rmgYantra.parameters.QueryParaameterTest" time="22.717" errors="0" timestamp="2022-11-30T15:07:05 IST" skipped="0">
  <testcase classname="com.rmgYantra.parameters.QueryParaameterTest" name="queryParaameterTest" time="22.717"/>
  <system-out/>
</testsuite> <!-- com.rmgYantra.parameters.QueryParaameterTest -->
