<?xml version="1.0" encoding="UTF-8"?>
<!-- Generated by org.testng.reporters.JUnitReportReporter -->
<testsuite hostname="DESKTOP-1H1R9GO" failures="0" tests="1" name="com.rmgyantraCRUDOperationWithOutBDD.GettingProjectTest" time="3.299" errors="0" timestamp="2022-11-21T16:44:10 IST" skipped="0">
  <testcase classname="com.rmgyantraCRUDOperationWithOutBDD.GettingProjectTest" name="gettingProject" time="3.299"/>
  <system-out/>
</testsuite> <!-- com.rmgyantraCRUDOperationWithOutBDD.GettingProjectTest -->
