<?xml version="1.0" encoding="UTF-8"?>
<!-- Generated by org.testng.reporters.JUnitReportReporter -->
<testsuite hostname="DESKTOP-1H1R9GO" failures="0" tests="1" name="com.rmgyantraDifferentWaysToPost.createProjectUsingPojoTest" time="5.878" errors="0" timestamp="2022-11-22T16:42:12 IST" skipped="0">
  <testcase classname="com.rmgyantraDifferentWaysToPost.createProjectUsingPojoTest" name="createProjectUsingPojoTest" time="5.878"/>
  <system-out/>
</testsuite> <!-- com.rmgyantraDifferentWaysToPost.createProjectUsingPojoTest -->
