<?xml version="1.0" encoding="UTF-8"?>
<!-- Generated by org.testng.reporters.JUnitReportReporter -->
<testsuite hostname="DESKTOP-1H1R9GO" failures="0" tests="1" name="com.rmgyantraCRUDOperationWithBDD.GettingProjectTest" time="4.778" errors="0" timestamp="2022-11-22T15:22:01 IST" skipped="0">
  <testcase classname="com.rmgyantraCRUDOperationWithBDD.GettingProjectTest" name="gettingProject" time="4.778"/>
  <system-out/>
</testsuite> <!-- com.rmgyantraCRUDOperationWithBDD.GettingProjectTest -->
