<?xml version="1.0" encoding="UTF-8"?>
<!-- Generated by org.testng.reporters.JUnitReportReporter -->
<testsuite hostname="DESKTOP-1H1R9GO" failures="0" tests="1" name="com.rmgYantra_Authentication.BasicAuthTest" time="15.947" errors="0" timestamp="2022-11-23T11:37:30 IST" skipped="0">
  <testcase classname="com.rmgYantra_Authentication.BasicAuthTest" name="basicAuthtest" time="15.947"/>
  <system-out/>
</testsuite> <!-- com.rmgYantra_Authentication.BasicAuthTest -->
