<?xml version="1.0" encoding="UTF-8"?>
<!-- Generated by org.testng.reporters.JUnitReportReporter -->
<testsuite hostname="DESKTOP-1H1R9GO" failures="0" tests="2" name="com.rmgyantraDifferentWaysToPost.CreateProjectUsingDataProvider" time="4.136" errors="0" timestamp="2022-11-22T12:01:44 IST" skipped="0">
  <testcase classname="com.rmgyantraDifferentWaysToPost.CreateProjectUsingDataProvider" name="CreateProjectUsingDataProvider" time="0.121"/>
  <system-out/>
  <testcase classname="com.rmgyantraDifferentWaysToPost.CreateProjectUsingDataProvider" name="CreateProjectUsingDataProvider" time="4.015"/>
  <system-out/>
</testsuite> <!-- com.rmgyantraDifferentWaysToPost.CreateProjectUsingDataProvider -->
