<?xml version="1.0" encoding="UTF-8"?>
<!-- Generated by org.testng.reporters.JUnitReportReporter -->
<testsuite hostname="DESKTOP-1H1R9GO" failures="0" tests="1" name="com.rmgYantra_Authentication.oAuth" time="20.016" errors="0" timestamp="2022-11-23T12:46:20 IST" skipped="0">
  <testcase classname="com.rmgYantra_Authentication.oAuth" name="oAuth" time="20.016"/>
  <system-out/>
</testsuite> <!-- com.rmgYantra_Authentication.oAuth -->
