<?xml version="1.0" encoding="UTF-8"?>
<!-- Generated by org.testng.reporters.JUnitReportReporter -->
<testsuite hostname="DESKTOP-1H1R9GO" failures="0" tests="1" name="com.rmgyantraDifferentWaysToPost.CreateProjectUsingFile" time="6.013" errors="0" timestamp="2022-11-21T17:27:57 IST" skipped="0">
  <testcase classname="com.rmgyantraDifferentWaysToPost.CreateProjectUsingFile" name="createProjectUsingJsonFile" time="6.013"/>
  <system-out/>
</testsuite> <!-- com.rmgyantraDifferentWaysToPost.CreateProjectUsingFile -->
