<?xml version="1.0" encoding="UTF-8"?>
<!-- Generated by org.testng.reporters.JUnitReportReporter -->
<testsuite hostname="DESKTOP-1H1R9GO" failures="0" tests="1" name="comRmgYantrValidation.ResponseTimeValidationTest" time="5.207" errors="0" timestamp="2022-11-22T14:17:39 IST" skipped="0">
  <testcase classname="comRmgYantrValidation.ResponseTimeValidationTest" name="responseValTest" time="5.207"/>
  <system-out/>
</testsuite> <!-- comRmgYantrValidation.ResponseTimeValidationTest -->
